
> backend@1.0.0 start
> node server.js

 Backend running on http://0.0.0.0:5001
 Access locally: http://localhost:5001
 Access from network: http://192.168.1.24:5001
Executing upload command: "/Users/shanawaz/Desktop/c files/ranchi gdc/.venv/bin/python" "/Users/shanawaz/Desktop/c files/ranchi gdc/Ranchihacks/insert.py" "1" "33" "uploads/708c36e5d21c91de2891eebd810181d6"
Executing query command: "/Users/shanawaz/Desktop/c files/ranchi gdc/.venv/bin/python" "/Users/shanawaz/Desktop/c files/ranchi gdc/Ranchihacks/queryEvidence.py"
Executing query command: "/Users/shanawaz/Desktop/c files/ranchi gdc/.venv/bin/python" "/Users/shanawaz/Desktop/c files/ranchi gdc/Ranchihacks/queryEvidence.py"
Executing query command: "/Users/shanawaz/Desktop/c files/ranchi gdc/.venv/bin/python" "/Users/shanawaz/Desktop/c files/ranchi gdc/Ranchihacks/queryEvidence.py"
Executing query command: "/Users/shanawaz/Desktop/c files/ranchi gdc/.venv/bin/python" "/Users/shanawaz/Desktop/c files/ranchi gdc/Ranchihacks/queryEvidence.py"
Executing query command: "/Users/shanawaz/Desktop/c files/ranchi gdc/.venv/bin/python" "/Users/shanawaz/Desktop/c files/ranchi gdc/Ranchihacks/queryEvidence.py"
Executing query command: "/Users/shanawaz/Desktop/c files/ranchi gdc/.venv/bin/python" "/Users/shanawaz/Desktop/c files/ranchi gdc/Ranchihacks/queryEvidence.py"
Executing upload command: "/Users/shanawaz/Desktop/c files/ranchi gdc/.venv/bin/python" "/Users/shanawaz/Desktop/c files/ranchi gdc/Ranchihacks/insert.py" "1" "ev001" "uploads/475c6fa785df99252edf9a540c879eb5"
Executing query command: "/Users/shanawaz/Desktop/c files/ranchi gdc/.venv/bin/python" "/Users/shanawaz/Desktop/c files/ranchi gdc/Ranchihacks/queryEvidence.py"
Executing query command: "/Users/shanawaz/Desktop/c files/ranchi gdc/.venv/bin/python" "/Users/shanawaz/Desktop/c files/ranchi gdc/Ranchihacks/queryEvidence.py"
Executing query command: "/Users/shanawaz/Desktop/c files/ranchi gdc/.venv/bin/python" "/Users/shanawaz/Desktop/c files/ranchi gdc/Ranchihacks/queryEvidence.py"
Executing query command: "/Users/shanawaz/Desktop/c files/ranchi gdc/.venv/bin/python" "/Users/shanawaz/Desktop/c files/ranchi gdc/Ranchihacks/queryEvidence.py"
Executing query command: "/Users/shanawaz/Desktop/c files/ranchi gdc/.venv/bin/python" "/Users/shanawaz/Desktop/c files/ranchi gdc/Ranchihacks/queryEvidence.py"
Executing query command: "/Users/shanawaz/Desktop/c files/ranchi gdc/.venv/bin/python" "/Users/shanawaz/Desktop/c files/ranchi gdc/Ranchihacks/queryEvidence.py"
Executing query command: "/Users/shanawaz/Desktop/c files/ranchi gdc/.venv/bin/python" "/Users/shanawaz/Desktop/c files/ranchi gdc/Ranchihacks/queryEvidence.py"
Executing query command: "/Users/shanawaz/Desktop/c files/ranchi gdc/.venv/bin/python" "/Users/shanawaz/Desktop/c files/ranchi gdc/Ranchihacks/queryEvidence.py"
Executing query command: "/Users/shanawaz/Desktop/c files/ranchi gdc/.venv/bin/python" "/Users/shanawaz/Desktop/c files/ranchi gdc/Ranchihacks/queryEvidence.py"
Executing query command: "/Users/shanawaz/Desktop/c files/ranchi gdc/.venv/bin/python" "/Users/shanawaz/Desktop/c files/ranchi gdc/Ranchihacks/queryEvidence.py"
Executing query command: "/Users/shanawaz/Desktop/c files/ranchi gdc/.venv/bin/python" "/Users/shanawaz/Desktop/c files/ranchi gdc/Ranchihacks/queryEvidence.py"
Executing query command: "/Users/shanawaz/Desktop/c files/ranchi gdc/.venv/bin/python" "/Users/shanawaz/Desktop/c files/ranchi gdc/Ranchihacks/queryEvidence.py"
Executing query command: "/Users/shanawaz/Desktop/c files/ranchi gdc/.venv/bin/python" "/Users/shanawaz/Desktop/c files/ranchi gdc/Ranchihacks/queryEvidence.py"
Executing query command: "/Users/shanawaz/Desktop/c files/ranchi gdc/.venv/bin/python" "/Users/shanawaz/Desktop/c files/ranchi gdc/Ranchihacks/queryEvidence.py"
Executing query command: "/Users/shanawaz/Desktop/c files/ranchi gdc/.venv/bin/python" "/Users/shanawaz/Desktop/c files/ranchi gdc/Ranchihacks/queryEvidence.py"
Executing query command: "/Users/shanawaz/Desktop/c files/ranchi gdc/.venv/bin/python" "/Users/shanawaz/Desktop/c files/ranchi gdc/Ranchihacks/queryEvidence.py"
Executing query command: "/Users/shanawaz/Desktop/c files/ranchi gdc/.venv/bin/python" "/Users/shanawaz/Desktop/c files/ranchi gdc/Ranchihacks/queryEvidence.py"
Executing query command: "/Users/shanawaz/Desktop/c files/ranchi gdc/.venv/bin/python" "/Users/shanawaz/Desktop/c files/ranchi gdc/Ranchihacks/queryEvidence.py"
Executing query command: "/Users/shanawaz/Desktop/c files/ranchi gdc/.venv/bin/python" "/Users/shanawaz/Desktop/c files/ranchi gdc/Ranchihacks/queryEvidence.py"
Executing query command: "/Users/shanawaz/Desktop/c files/ranchi gdc/.venv/bin/python" "/Users/shanawaz/Desktop/c files/ranchi gdc/Ranchihacks/queryEvidence.py"
Executing query command: "/Users/shanawaz/Desktop/c files/ranchi gdc/.venv/bin/python" "/Users/shanawaz/Desktop/c files/ranchi gdc/Ranchihacks/queryEvidence.py"
Executing query command: "/Users/shanawaz/Desktop/c files/ranchi gdc/.venv/bin/python" "/Users/shanawaz/Desktop/c files/ranchi gdc/Ranchihacks/queryEvidence.py"
Executing query command: "/Users/shanawaz/Desktop/c files/ranchi gdc/.venv/bin/python" "/Users/shanawaz/Desktop/c files/ranchi gdc/Ranchihacks/queryEvidence.py"
Executing query command: "/Users/shanawaz/Desktop/c files/ranchi gdc/.venv/bin/python" "/Users/shanawaz/Desktop/c files/ranchi gdc/Ranchihacks/queryEvidence.py"
Executing query command: "/Users/shanawaz/Desktop/c files/ranchi gdc/.venv/bin/python" "/Users/shanawaz/Desktop/c files/ranchi gdc/Ranchihacks/queryEvidence.py"
Executing query command: "/Users/shanawaz/Desktop/c files/ranchi gdc/.venv/bin/python" "/Users/shanawaz/Desktop/c files/ranchi gdc/Ranchihacks/queryEvidence.py"
Executing query command: "/Users/shanawaz/Desktop/c files/ranchi gdc/.venv/bin/python" "/Users/shanawaz/Desktop/c files/ranchi gdc/Ranchihacks/queryEvidence.py"
Executing query command: "/Users/shanawaz/Desktop/c files/ranchi gdc/.venv/bin/python" "/Users/shanawaz/Desktop/c files/ranchi gdc/Ranchihacks/queryEvidence.py"
Executing query command: "/Users/shanawaz/Desktop/c files/ranchi gdc/.venv/bin/python" "/Users/shanawaz/Desktop/c files/ranchi gdc/Ranchihacks/queryEvidence.py"
Executing upload command: "/Users/shanawaz/Desktop/c files/ranchi gdc/.venv/bin/python" "/Users/shanawaz/Desktop/c files/ranchi gdc/Ranchihacks/insert.py" "33" "ev00001" "uploads/431bea5704a98705340ed0cd81ba600f"
Executing query command: "/Users/shanawaz/Desktop/c files/ranchi gdc/.venv/bin/python" "/Users/shanawaz/Desktop/c files/ranchi gdc/Ranchihacks/queryEvidence.py"
Executing query command: "/Users/shanawaz/Desktop/c files/ranchi gdc/.venv/bin/python" "/Users/shanawaz/Desktop/c files/ranchi gdc/Ranchihacks/queryEvidence.py"
Executing query command: "/Users/shanawaz/Desktop/c files/ranchi gdc/.venv/bin/python" "/Users/shanawaz/Desktop/c files/ranchi gdc/Ranchihacks/queryEvidence.py"
Executing query command: "/Users/shanawaz/Desktop/c files/ranchi gdc/.venv/bin/python" "/Users/shanawaz/Desktop/c files/ranchi gdc/Ranchihacks/queryEvidence.py"
Executing upload command: "/Users/shanawaz/Desktop/c files/ranchi gdc/.venv/bin/python" "/Users/shanawaz/Desktop/c files/ranchi gdc/Ranchihacks/insert.py" "2" "er" "uploads/2066f7b85bdd261a15f5747cde814d2e"
